\BOOKMARK [0][-]{dummy.2}{\376\377\000A\000b\000s\000t\000r\000a\000c\000t}{}% 1
\BOOKMARK [0][-]{dummy.3}{\376\377\000A\000c\000k\000n\000o\000w\000l\000e\000d\000g\000e\000m\000e\000n\000t\000s}{}% 2
\BOOKMARK [0][-]{dummy.5}{\376\377\000A\000b\000b\000r\000e\000v\000i\000a\000t\000i\000o\000n\000s}{}% 3
\BOOKMARK [0][-]{dummy.8}{\376\377\000S\000y\000m\000b\000o\000l\000s}{}% 4
\BOOKMARK [0][-]{chapter.11}{\376\377\0001\000\040\000I\000n\000t\000r\000o\000d\000u\000c\000t\000i\000o\000n}{}% 5
\BOOKMARK [1][-]{section.12}{\376\377\0001\000.\0001\000\040\000P\000r\000o\000b\000l\000e\000m\000\040\000D\000e\000f\000i\000n\000i\000t\000i\000o\000n}{chapter.11}% 6
\BOOKMARK [1][-]{section.13}{\376\377\0001\000.\0002\000\040\000C\000h\000a\000l\000l\000e\000n\000g\000e\000s}{chapter.11}% 7
\BOOKMARK [1][-]{section.14}{\376\377\0001\000.\0003\000\040\000C\000o\000n\000t\000r\000i\000b\000u\000t\000i\000o\000n\000s}{chapter.11}% 8
\BOOKMARK [1][-]{section.15}{\376\377\0001\000.\0004\000\040\000O\000u\000t\000l\000i\000n\000e}{chapter.11}% 9
\BOOKMARK [0][-]{chapter.16}{\376\377\0002\000\040\000R\000e\000l\000a\000t\000e\000d\000\040\000W\000o\000r\000k}{}% 10
\BOOKMARK [1][-]{section.17}{\376\377\0002\000.\0001\000\040\000R\000i\000c\000h\000n\000o\000t\000e}{chapter.16}% 11
\BOOKMARK [1][-]{section.18}{\376\377\0002\000.\0002\000\040\000T\000h\000e\000\040\000B\000a\000c\000k\000e\000n\000d\000\040\000S\000e\000r\000v\000e\000r}{chapter.16}% 12
\BOOKMARK [0][-]{chapter.19}{\376\377\0003\000\040\000C\000o\000n\000s\000t\000r\000u\000c\000t\000i\000o\000n}{}% 13
\BOOKMARK [1][-]{section.20}{\376\377\0003\000.\0001\000\040\000I\000n\000t\000r\000o\000d\000u\000c\000t\000i\000o\000n}{chapter.19}% 14
\BOOKMARK [1][-]{section.21}{\376\377\0003\000.\0002\000\040\000T\000o\000o\000l\000s}{chapter.19}% 15
\BOOKMARK [2][-]{subsection.22}{\376\377\0003\000.\0002\000.\0001\000\040\000V\000e\000r\000s\000i\000o\000n\000\040\000C\000o\000n\000t\000r\000o\000l}{section.21}% 16
\BOOKMARK [2][-]{subsection.23}{\376\377\0003\000.\0002\000.\0002\000\040\000T\000h\000e\000\040\000A\000n\000d\000r\000o\000i\000d\000\040\000O\000p\000e\000r\000a\000t\000i\000n\000g\000\040\000S\000y\000s\000t\000e\000m\000\040}{section.21}% 17
\BOOKMARK [2][-]{subsection.28}{\376\377\0003\000.\0002\000.\0003\000\040\000A\000n\000d\000r\000o\000i\000d\000\040\000S\000t\000u\000d\000i\000o}{section.21}% 18
\BOOKMARK [2][-]{subsection.30}{\376\377\0003\000.\0002\000.\0004\000\040\000G\000r\000a\000d\000l\000e}{section.21}% 19
\BOOKMARK [2][-]{subsection.31}{\376\377\0003\000.\0002\000.\0005\000\040\000F\000i\000r\000e\000b\000a\000s\000e\000\040\000C\000l\000o\000u\000d\000\040\000M\000e\000s\000s\000a\000g\000i\000n\000g}{section.21}% 20
\BOOKMARK [1][-]{section.32}{\376\377\0003\000.\0003\000\040\000C\000o\000d\000e}{chapter.19}% 21
\BOOKMARK [2][-]{subsection.33}{\376\377\0003\000.\0003\000.\0001\000\040\000T\000h\000e\000\040\000A\000p\000p\000\040\000M\000a\000n\000i\000f\000e\000s\000t\000\040\000\040\000a\000p\000p\000M\000a\000n\000i\000f\000e\000s\000t}{section.32}% 22
\BOOKMARK [2][-]{subsection.98}{\376\377\0003\000.\0003\000.\0002\000\040\000M\000a\000i\000n\000A\000c\000t\000i\000v\000i\000t\000y\000\040}{section.32}% 23
\BOOKMARK [2][-]{subsection.104}{\376\377\0003\000.\0003\000.\0003\000\040\000U\000p\000d\000a\000t\000e\000B\000a\000c\000k\000e\000n\000d\000\040}{section.32}% 24
\BOOKMARK [2][-]{subsection.105}{\376\377\0003\000.\0003\000.\0004\000\040\000S\000e\000t\000t\000i\000n\000g\000s\000A\000c\000t\000i\000v\000i\000t\000y\000\040}{section.32}% 25
\BOOKMARK [2][-]{subsection.106}{\376\377\0003\000.\0003\000.\0005\000\040\000F\000C\000M}{section.32}% 26
\BOOKMARK [0][-]{chapter.107}{\376\377\0004\000\040\000C\000o\000n\000c\000l\000u\000s\000i\000o\000n\000\040\000a\000n\000d\000\040\000F\000u\000t\000u\000r\000e\000\040\000W\000o\000r\000k}{}% 27
\BOOKMARK [0][-]{dummy.108}{\376\377\000L\000i\000s\000t\000\040\000o\000f\000\040\000F\000i\000g\000u\000r\000e\000s}{}% 28
\BOOKMARK [0][-]{dummy.110}{\376\377\000L\000i\000s\000t\000\040\000o\000f\000\040\000T\000a\000b\000l\000e\000s}{}% 29
\BOOKMARK [0][-]{dummy.112}{\376\377\000B\000i\000b\000l\000i\000o\000g\000r\000a\000p\000h\000y}{}% 30
